Running on ubuntu
 FRESCOX - version 7.2-4-g8e5699f: Coupled Reaction Channels             on gfortran on arm64             

 Assuming NAMELIST input.

 12C scattering                                                                                                          

   0.010  40.000   0.200   0.100   5.000  -0.250   0.000   0.000   0.000   0.000

 Centre-of-mass Range is   4002 * 0.0100 fm., Maximum at  40.00 fm., Interpolating NL forms every  0.20 fm.
 Non - locality width is     51 * 0.1000 fm., Maximum of   5.00 fm., Centred at -0.20 fm.
 2-Nucleon Separation of      0 * 0.2000 fm., Maximum of   0.00 fm., Minimum at  0.00 fm.
 Maximum single particle bins of 40.0000 fm.
               M,Mint =         4001        4001


 Range of total J is     0.0 <= J <=    35.0 (at least     0.0) and Absorbtion =>    -1.0000 mb.
 Dry Run = F, CC set limits =  0  0, Relativistic kinematics =   , Both/Far/Near Analyses =  1                     

 Cross Sections (and up to T0 for 0=projectile) for Theta from   0.0 to 180.0 in steps of  1.0 degrees, DGAM=0, grace=T,  Coordinates = 0 (Mads)

 Lower Radial Cutoff = maximum of -1.60*L*h &       0.0 fm.,  Lower Cutoff for Couplings =   0.0  fm.


 Iterate Couplings between   0 and   0 times, to  0.000 % if sooner.                                          
  Block solved exactly =   2 chs., with Pade = 0 & Isocen =  =0, NOSOL = F, CCREAL = F, initwf =  0
    Small channels are  0.00E+00 and small couplings are  1.00E-12 of unitarity

  NL quadrature with   36 Gaussian points, Calculate multipoles up to    45 from   0
  M-transfers for lp+lt greater than or equal to  6, Angular Integration Cutoff below  0.6944 %


 Trace switches are :  CHANS =  1, LISTCC =  0, TRENEG =  1, CDETR =  0, SMATS =  0, XSTABL =  1, NLPL =  0

                       WAVES =  0, LAMPL =  0, VEFF =  0, KFUS =  0, WDISK =  0, BPM =  0, MELFIL =  0

                       CDCC =  0, NFUS =  0, TCFILE =  0

 Using unit mass = 1.000000 amu and 1/fine-structure constant = 137.03599 ( 1.000000 * true ) with hc = 197.32705 MeV.fm,
  thus 2*amu/hbar^2 = 0.0478450 = 1/20.9008 and Coulomb constant = 0.1574855 so e^2 =  1.43996515, and nuclear magneton= 0.1261183

 Now pre-scan input and save to file 3



 *********** PARTITION NUMBER  1 ******************************************************************************************

   PROJ=n          MASS=  1.0000 Z=   0.0,        # STATES=    1T, TARG=48Ca     MASS= 48.0000 Z=  20.0,     Q-VALUE =   0.0000 MeV

   MIXPOT =  0: no couplings (default)

     1:  J= 0.5+ (B# 1), E=  0.0000, K= 0.5              Potl#  1       J= 0.0+ (B# 1), E=  0.0000, K= 0.0    


 ************************************************************************************************************************************

 The following POTENTIALS are defined :

  KP#       TYPE      IT    SHAPE      at     V1        r1        a1        V2        r2        a2        A-in     A-used


                                            A#1       A#2        r0c       ac                                                h @ 1
    1    0=Coulomb       0=CHARGE (WS)  1     1.000    48.000    0.0000    0.0000    0.0000    0.0000     0.000    99.526   0.01000

    1    1=Volume        0=Woods-Saxon  2   49.2849    0.9070    0.6798    1.0000    1.3300    0.6200     0.000    99.526

    1    2=Surface       0=Woods-Saxon  3    0.0000    0.0000    0.0000    3.3944    1.0941    0.2763     0.000    99.526

    1    3=Projtl S.O.   0=Woods-Saxon  4    6.6000    1.3300    0.6200    0.0000    1.3600    0.6300     0.000    99.526

 Incoming partition  1 in excitation state # 1,   Laboratory Energy given for partition  1 Nucleus 1 in Excitation pair 1

0Lab. ENERGY ranges :

   from    7.97000     to   0.00000     in        0 intervals
   from    0.00000     to   0.00000     in        0 intervals
   from    0.00000     to   0.00000     in        0 intervals

 Largest real,imaginary parts of any form factor at R=   39.90 are   3.61E-02  2.34E-24 MeV
 Finished all Couplings @    5.79540022E-02

 Symmetric Hamiltonian
1***********************************************************************************************************************************
************************************************************************************************************************************

        INCOMING n        ;    LABORATORY n        ENERGY =   7.9700     MeV.

 ***********************************************************************************************************************************
 ***********************************************************************************************************************************

 Allocate arrays for            1  channels, of which            1  need wfs.

 Total SPIN, PARITY =     0.5 +,      1 chs,      1 cc.  Rmin & Coul turning =    0.0    0.0


    C Projectl Target   #   EX.   (L  Proj) J  + Targ = Jtotal     E-cm      Re K     Re Eta     RM*K            CH                     G-REL
    1 n        48Ca     #    1: I   0 0.5    0.5  0.0     0.5     7.80735   0.60491   0.00000   24.1965   0.40266   0.29642 1 1 1   1  1.00000
 Reaction Xsec    32.5+/32 @ 1 =     0.000#, Out:   0.000#
 Reaction Xsec    32.5-/33 @ 1 =    -0.000#, Out:   0.000#
 Reaction Xsec    33.5+/34 @ 1 =     0.000#, Out:   0.000#
 Reaction Xsec    33.5-/33 @ 1 =     0.000#, Out:   0.000#
 Reaction Xsec    34.5+/34 @ 1 =     0.000#, Out:   0.000#
 Reaction Xsec    34.5-/35 @ 1 =     0.000#, Out:   0.000#
 Reaction Xsec    35.5+/36 @ 1 =    -0.000#, Out:   0.000#
 Reaction Xsec    35.5-/35 @ 1 =     0.000#, Out:   0.000#
 Finished all CC sets @    9.50559974E-02
0CUMULATIVE REACTION cross section               =       1232.31967  <L> =     3.09  <L**2> =     11.4
0CUMULATIVE  TOTAL   cross section               =       3130.82910  <L> =     2.44  <L**2> =      8.0
0CUMULATIVE  ELASTIC cross section               =       1898.50943  <L> =     2.02  <L**2> =      5.7
0CUMULATIVE outgoing cross sections in partition 1 :    0.00000
0Cumulative ABSORBTION by Imaginary Potentials    =      1232.31967  <L> =     3.09  <L**2> =     11.4
   Fusion for specific n        M-states :    1232.319670    1232.319670
0CUMULATIVE OUTGOING cross section               =          0.00000
 Strength functions * 10^4 for L=0-2  =   0.41436   0.23889   4.87085 (with r0= 1.35 fm).  R' =  -1.511 fm
 To convert to S-factors (MeV.mb = keV.b),  multiply by  7.8073E+00


 CROSS SECTIONS FOR OUTGOING n        & 48Ca     in state #   1 with spins & parities 0.5  + &  0.0  +;  0

     0.01 deg.: X-S =    2286.288392 mb/sr,
+                                         REAC   1.2323E+03 mb
     1.00 deg.: X-S =    2283.426954 mb/sr,
     2.00 deg.: X-S =    2274.861393 mb/sr,
     3.00 deg.: X-S =    2260.650634 mb/sr,
     4.00 deg.: X-S =    2240.891761 mb/sr,
     5.00 deg.: X-S =    2215.719342 mb/sr,
     6.00 deg.: X-S =    2185.304097 mb/sr,
     7.00 deg.: X-S =    2149.851208 mb/sr,
     8.00 deg.: X-S =    2109.598300 mb/sr,
     9.00 deg.: X-S =    2064.813100 mb/sr,
    10.00 deg.: X-S =    2015.790822 mb/sr,
    11.00 deg.: X-S =    1962.851281 mb/sr,
    12.00 deg.: X-S =    1906.335796 mb/sr,
    13.00 deg.: X-S =    1846.603896 mb/sr,
    14.00 deg.: X-S =    1784.029885 mb/sr,
    15.00 deg.: X-S =    1718.999290 mb/sr,
    16.00 deg.: X-S =    1651.905244 mb/sr,
    17.00 deg.: X-S =    1583.144845 mb/sr,
    18.00 deg.: X-S =    1513.115525 mb/sr,
    19.00 deg.: X-S =    1442.211488 mb/sr,
    20.00 deg.: X-S =    1370.820236 mb/sr,
    21.00 deg.: X-S =    1299.319249 mb/sr,
    22.00 deg.: X-S =    1228.072833 mb/sr,
    23.00 deg.: X-S =    1157.429191 mb/sr,
    24.00 deg.: X-S =    1087.717733 mb/sr,
    25.00 deg.: X-S =    1019.246671 mb/sr,
    26.00 deg.: X-S =     952.300909 mb/sr,
    27.00 deg.: X-S =     887.140257 mb/sr,
    28.00 deg.: X-S =     823.997981 mb/sr,
    29.00 deg.: X-S =     763.079705 mb/sr,
    30.00 deg.: X-S =     704.562662 mb/sr,
    31.00 deg.: X-S =     648.595304 mb/sr,
    32.00 deg.: X-S =     595.297257 mb/sr,
    33.00 deg.: X-S =     544.759618 mb/sr,
    34.00 deg.: X-S =     497.045580 mb/sr,
    35.00 deg.: X-S =     452.191355 mb/sr,
    36.00 deg.: X-S =     410.207388 mb/sr,
    37.00 deg.: X-S =     371.079821 mb/sr,
    38.00 deg.: X-S =     334.772184 mb/sr,
    39.00 deg.: X-S =     301.227278 mb/sr,
    40.00 deg.: X-S =     270.369214 mb/sr,
    41.00 deg.: X-S =     242.105581 mb/sr,
    42.00 deg.: X-S =     216.329686 mb/sr,
    43.00 deg.: X-S =     192.922855 mb/sr,
    44.00 deg.: X-S =     171.756743 mb/sr,
    45.00 deg.: X-S =     152.695613 mb/sr,
    46.00 deg.: X-S =     135.598575 mb/sr,
    47.00 deg.: X-S =     120.321727 mb/sr,
    48.00 deg.: X-S =     106.720192 mb/sr,
    49.00 deg.: X-S =      94.650008 mb/sr,
    50.00 deg.: X-S =      83.969869 mb/sr,
    51.00 deg.: X-S =      74.542685 mb/sr,
    52.00 deg.: X-S =      66.236957 mb/sr,
    53.00 deg.: X-S =      58.927948 mb/sr,
    54.00 deg.: X-S =      52.498656 mb/sr,
    55.00 deg.: X-S =      46.840582 mb/sr,
    56.00 deg.: X-S =      41.854290 mb/sr,
    57.00 deg.: X-S =      37.449776 mb/sr,
    58.00 deg.: X-S =      33.546642 mb/sr,
    59.00 deg.: X-S =      30.074099 mb/sr,
    60.00 deg.: X-S =      26.970799 mb/sr,
    61.00 deg.: X-S =      24.184528 mb/sr,
    62.00 deg.: X-S =      21.671758 mb/sr,
    63.00 deg.: X-S =      19.397101 mb/sr,
    64.00 deg.: X-S =      17.332655 mb/sr,
    65.00 deg.: X-S =      15.457291 mb/sr,
    66.00 deg.: X-S =      13.755881 mb/sr,
    67.00 deg.: X-S =      12.218488 mb/sr,
    68.00 deg.: X-S =      10.839549 mb/sr,
    69.00 deg.: X-S =       9.617055 mb/sr,
    70.00 deg.: X-S =       8.551746 mb/sr,
    71.00 deg.: X-S =       7.646345 mb/sr,
    72.00 deg.: X-S =       6.904830 mb/sr,
    73.00 deg.: X-S =       6.331764 mb/sr,
    74.00 deg.: X-S =       5.931691 mb/sr,
    75.00 deg.: X-S =       5.708601 mb/sr,
    76.00 deg.: X-S =       5.665468 mb/sr,
    77.00 deg.: X-S =       5.803876 mb/sr,
    78.00 deg.: X-S =       6.123718 mb/sr,
    79.00 deg.: X-S =       6.622975 mb/sr,
    80.00 deg.: X-S =       7.297576 mb/sr,
    81.00 deg.: X-S =       8.141332 mb/sr,
    82.00 deg.: X-S =       9.145937 mb/sr,
    83.00 deg.: X-S =      10.301034 mb/sr,
    84.00 deg.: X-S =      11.594341 mb/sr,
    85.00 deg.: X-S =      13.011819 mb/sr,
    86.00 deg.: X-S =      14.537896 mb/sr,
    87.00 deg.: X-S =      16.155706 mb/sr,
    88.00 deg.: X-S =      17.847372 mb/sr,
    89.00 deg.: X-S =      19.594297 mb/sr,
    90.00 deg.: X-S =      21.377467 mb/sr,
    91.00 deg.: X-S =      23.177755 mb/sr,
    92.00 deg.: X-S =      24.976226 mb/sr,
    93.00 deg.: X-S =      26.754426 mb/sr,
    94.00 deg.: X-S =      28.494654 mb/sr,
    95.00 deg.: X-S =      30.180219 mb/sr,
    96.00 deg.: X-S =      31.795661 mb/sr,
    97.00 deg.: X-S =      33.326958 mb/sr,
    98.00 deg.: X-S =      34.761681 mb/sr,
    99.00 deg.: X-S =      36.089140 mb/sr,
   100.00 deg.: X-S =      37.300470 mb/sr,
   101.00 deg.: X-S =      38.388708 mb/sr,
   102.00 deg.: X-S =      39.348813 mb/sr,
   103.00 deg.: X-S =      40.177670 mb/sr,
   104.00 deg.: X-S =      40.874058 mb/sr,
   105.00 deg.: X-S =      41.438582 mb/sr,
   106.00 deg.: X-S =      41.873591 mb/sr,
   107.00 deg.: X-S =      42.183065 mb/sr,
   108.00 deg.: X-S =      42.372481 mb/sr,
   109.00 deg.: X-S =      42.448671 mb/sr,
   110.00 deg.: X-S =      42.419659 mb/sr,
   111.00 deg.: X-S =      42.294492 mb/sr,
   112.00 deg.: X-S =      42.083065 mb/sr,
   113.00 deg.: X-S =      41.795945 mb/sr,
   114.00 deg.: X-S =      41.444193 mb/sr,
   115.00 deg.: X-S =      41.039195 mb/sr,
   116.00 deg.: X-S =      40.592492 mb/sr,
   117.00 deg.: X-S =      40.115629 mb/sr,
   118.00 deg.: X-S =      39.620005 mb/sr,
   119.00 deg.: X-S =      39.116748 mb/sr,
   120.00 deg.: X-S =      38.616589 mb/sr,
   121.00 deg.: X-S =      38.129768 mb/sr,
   122.00 deg.: X-S =      37.665943 mb/sr,
   123.00 deg.: X-S =      37.234123 mb/sr,
   124.00 deg.: X-S =      36.842612 mb/sr,
   125.00 deg.: X-S =      36.498971 mb/sr,
   126.00 deg.: X-S =      36.209997 mb/sr,
   127.00 deg.: X-S =      35.981710 mb/sr,
   128.00 deg.: X-S =      35.819361 mb/sr,
   129.00 deg.: X-S =      35.727443 mb/sr,
   130.00 deg.: X-S =      35.709713 mb/sr,
   131.00 deg.: X-S =      35.769231 mb/sr,
   132.00 deg.: X-S =      35.908392 mb/sr,
   133.00 deg.: X-S =      36.128973 mb/sr,
   134.00 deg.: X-S =      36.432177 mb/sr,
   135.00 deg.: X-S =      36.818681 mb/sr,
   136.00 deg.: X-S =      37.288680 mb/sr,
   137.00 deg.: X-S =      37.841938 mb/sr,
   138.00 deg.: X-S =      38.477826 mb/sr,
   139.00 deg.: X-S =      39.195359 mb/sr,
   140.00 deg.: X-S =      39.993234 mb/sr,
   141.00 deg.: X-S =      40.869853 mb/sr,
   142.00 deg.: X-S =      41.823349 mb/sr,
   143.00 deg.: X-S =      42.851599 mb/sr,
   144.00 deg.: X-S =      43.952236 mb/sr,
   145.00 deg.: X-S =      45.122651 mb/sr,
   146.00 deg.: X-S =      46.359993 mb/sr,
   147.00 deg.: X-S =      47.661163 mb/sr,
   148.00 deg.: X-S =      49.022803 mb/sr,
   149.00 deg.: X-S =      50.441282 mb/sr,
   150.00 deg.: X-S =      51.912686 mb/sr,
   151.00 deg.: X-S =      53.432794 mb/sr,
   152.00 deg.: X-S =      54.997066 mb/sr,
   153.00 deg.: X-S =      56.600632 mb/sr,
   154.00 deg.: X-S =      58.238271 mb/sr,
   155.00 deg.: X-S =      59.904412 mb/sr,
   156.00 deg.: X-S =      61.593124 mb/sr,
   157.00 deg.: X-S =      63.298116 mb/sr,
   158.00 deg.: X-S =      65.012751 mb/sr,
   159.00 deg.: X-S =      66.730055 mb/sr,
   160.00 deg.: X-S =      68.442740 mb/sr,
   161.00 deg.: X-S =      70.143235 mb/sr,
   162.00 deg.: X-S =      71.823719 mb/sr,
   163.00 deg.: X-S =      73.476170 mb/sr,
   164.00 deg.: X-S =      75.092411 mb/sr,
   165.00 deg.: X-S =      76.664172 mb/sr,
   166.00 deg.: X-S =      78.183154 mb/sr,
   167.00 deg.: X-S =      79.641094 mb/sr,
   168.00 deg.: X-S =      81.029843 mb/sr,
   169.00 deg.: X-S =      82.341439 mb/sr,
   170.00 deg.: X-S =      83.568185 mb/sr,
   171.00 deg.: X-S =      84.702728 mb/sr,
   172.00 deg.: X-S =      85.738139 mb/sr,
   173.00 deg.: X-S =      86.667982 mb/sr,
   174.00 deg.: X-S =      87.486391 mb/sr,
   175.00 deg.: X-S =      88.188134 mb/sr,
   176.00 deg.: X-S =      88.768674 mb/sr,
   177.00 deg.: X-S =      89.224223 mb/sr,
   178.00 deg.: X-S =      89.551785 mb/sr,
   179.00 deg.: X-S =      89.749197 mb/sr,
   179.99 deg.: X-S =      89.815140 mb/sr,
                                           Integrated  1.8982E+03 mb, over [   0.000, 180.000] at     7.9700 MeV 
 Finished all xsecs @    9.95540023E-02

  The following files have been created:
   3:local copy of User input.            6:standard output.                   
  13:total cross sections/state.         16:tables of cross sections.          
  34:input optical potentials.           39:cross sections for each Ecm.       
  40:all cross sectns. for each Elab.    56:Fusion for each Jtotal.            
  89:All local couplings.               201:Separate cross sections.           

 PARAMETERS : MAXQRN   MLOC  LMAX1 MCLIST     MFNL  MPWCOUP
    ALLOWED :      1      4     55      6        1        0
    REQUIRED:      0      4     37      3        0        0


 ACCURACY ANALYSIS at     7.970 MeV :

  Elastic h*k = 0.006 so OK       compared with 0.200

   Real(S-el) > 0.01 first at J =       1.5
   Real(S-el) > 0.10 first at J =       1.5
   Real(S-el) > 0.50 first at J =       2.5
   Real(S-el) > 0.90 first at J =       4.5
   Real(S-el) > 0.99 first at J =       5.5
   R-turn =    58.68 fm    at J =      35.5

 Forward-angle excitation cut off below   0.000 deg by max JT =      35.5
                              and below   0.000 deg by max R.

 Total CPU  0 time =       0.10 seconds
