Running on ubuntu
 FRESCOX - version 7.2-4-g8e5699f: Coupled Reaction Channels             on gfortran on arm64             

 Assuming NAMELIST input.

 ca48(d,p)ca49 @ 10 MeV, Lohr & Haeberli;                                                                                

   0.100  20.000   0.200   0.100   4.000  -0.400   0.000   0.000   0.000   0.000

 Centre-of-mass Range is    202 * 0.1000 fm., Maximum at  20.00 fm., Interpolating NL forms every  0.20 fm.
 Non - locality width is     41 * 0.1000 fm., Maximum of   4.00 fm., Centred at -0.40 fm.
 2-Nucleon Separation of      0 * 0.2000 fm., Maximum of   0.00 fm., Minimum at  0.00 fm.
 Maximum single particle bins of 20.0000 fm.
               M,Mint =          201         201


 Range of total J is     0.0 <= J <=    30.0 (at least     0.0) and Absorbtion =>    -1.0000 mb.
 Dry Run = F, CC set limits =  0  0, Relativistic kinematics =   , Both/Far/Near Analyses =  1                     

 Cross Sections (and up to T0 for 0=projectile) for Theta from   0.0 to 180.0 in steps of  1.0 degrees, DGAM=0, grace=T,  Coordinates = 0 (Mads)

 Lower Radial Cutoff = maximum of -1.60*L*h &       0.0 fm.,  Lower Cutoff for Couplings =   0.0  fm.


 Iterate Couplings between   0 and   1 times, to  0.000 % if sooner.                                          
  Block solved exactly =   0 chs., with Pade = 0 & Isocen =  =0, NOSOL = F, CCREAL = F, initwf =  0
    Small channels are  0.00E+00 and small couplings are  1.00E-12 of unitarity

  NL quadrature with   36 Gaussian points, Calculate multipoles up to    40 from   0
  M-transfers for lp+lt greater than or equal to  6, Angular Integration Cutoff below  0.6944 %


 Trace switches are :  CHANS =  1, LISTCC =  0, TRENEG =  0, CDETR =  0, SMATS =  0, XSTABL =  1, NLPL =  0

                       WAVES =  0, LAMPL =  0, VEFF =  0, KFUS =  0, WDISK =  0, BPM =  0, MELFIL =  0

                       CDCC =  0, NFUS =  0, TCFILE =  0

 Using unit mass = 1.000000 amu and 1/fine-structure constant = 137.03599 ( 1.000000 * true ) with hc = 197.32705 MeV.fm,
  thus 2*amu/hbar^2 = 0.0478450 = 1/20.9008 and Coulomb constant = 0.1574855 so e^2 =  1.43996515, and nuclear magneton= 0.1261183

 Now pre-scan input and save to file 3



 *********** PARTITION NUMBER  1 ******************************************************************************************

   PROJ=d          MASS=  2.0140 Z=   1.0,        # STATES=    1T, TARG=Ca48     MASS= 47.9500 Z=  20.0,     Q-VALUE =   0.0000 MeV

   MIXPOT =  0: no couplings (default)

     1:  J= 1.0+ (B# 1), E=  0.0000, K= 0.0              Potl#  1       J= 0.0+ (B# 1), E=  0.0000, K= 0.0    


 *********** PARTITION NUMBER  2 ******************************************************************************************

   PROJ=p          MASS=  1.0000 Z=   1.0,        # STATES=    1T, TARG=Ca49     MASS= 48.9600 Z=  20.0,     Q-VALUE =   2.9220 MeV

   MIXPOT =  0: no couplings (default)

     1:  J= 0.5+ (B# 1), E=  0.0000, K= 0.5              Potl#  2       J= 1.5- (B#-1), E=  0.0000, K= 0.5    


 ************************************************************************************************************************************

 The following POTENTIALS are defined :

  KP#       TYPE      IT    SHAPE      at     V1        r1        a1        V2        r2        a2        A-in     A-used


                                            A#1       A#2        r0c       ac                                                h @ 1
    1    0=Coulomb       0=CHARGE (WS)  1    48.000     2.000    1.3000    0.0000    0.0000    0.0000     0.000   117.229   0.10000

    1    1=Volume        0=Woods-Saxon  2  103.2370    1.0500    0.8600    0.0000    1.3300    0.4900     0.000   117.229

    1    2=Surface       0=Woods-Saxon  3    0.0000    0.0000    0.0000   16.5060    1.4300    0.6720     0.000   117.229

    1    3=Projtl S.O.   0=Woods-Saxon  4    3.5000    0.7500    0.5000    0.0000    0.0000    0.0000     0.000   117.229
   --------------------------------------------------------------------------------------------------------------------

                                            A#1       A#2        r0c       ac                                                h @ 2
    2    0=Coulomb       0=CHARGE (WS)  5    49.000     1.000    1.2728    0.0000    0.0000    0.0000     0.000   101.149   0.10000

    2    1=Volume        0=Woods-Saxon  6   49.8410    1.1890    0.6900    2.0290    1.2150    0.6900     0.000   101.149

    2    2=Surface       0=Woods-Saxon  7    0.0000    0.0000    0.0000    8.2160    1.2150    0.6900     0.000   101.149

    2    3=Projtl S.O.   0=Woods-Saxon  8    5.9000    1.0120    0.6300    0.0000    0.0000    0.0000     0.000   101.149
   --------------------------------------------------------------------------------------------------------------------

                                            A#1       A#2        r0c       ac                                                h @ 0
    3    0=Coulomb       0=CHARGE (WS)  9    48.000     1.000    1.2000    0.0000    0.0000    0.0000     0.000    99.526   0.10000

    3    1=Volume        0=Woods-Saxon 10   34.0000    1.2000    0.6000    0.0000    0.0000    0.0000     0.000    99.526

    3    3=Projtl S.O.   0=Woods-Saxon 11    7.0000    1.2000    0.6000    0.0000    0.0000    0.0000     0.000    99.526
   --------------------------------------------------------------------------------------------------------------------

                                            A#1       A#2        r0c       ac                                                h @ 0
    4    0=Coulomb       0=CHARGE (WS) 12     1.000     0.000    1.0000    0.0000    0.0000    0.0000     0.000     1.000   0.10000

    4    1=Volume        5=RSC T=0     13    1.0000    0.0000    1.0000    0.0000    0.0000    0.0000     0.000     1.000

    4    3=Projtl S.O.   5=RSC T=0     14    1.0000    0.0000    1.0000    0.0000    0.0000    0.0000     0.000     1.000

    4    4=Target S.O.   5=RSC T=0     15    1.0000    0.0000    1.0000    0.0000    0.0000    0.0000     0.000     1.000

    4    7=Prj+Targ Tr   5=RSC T=0     16    1.0000    0.0000    1.0000    0.0000    0.0000    0.0000     0.000     1.000
   --------------------------------------------------------------------------------------------------------------------

                                            A#1       A#2        r0c       ac                                                h @ 0
    5    0=Coulomb       0=CHARGE (WS) 17    48.000     1.000    1.2728    0.0000    0.0000    0.0000     0.000    99.526   0.10000

    5    1=Volume        0=Woods-Saxon 18   49.8410    1.1890    0.6900    2.0290    1.2150    0.6900     0.000    99.526

    5    2=Surface       0=Woods-Saxon 19    0.0000    0.0000    0.0000    8.2160    1.2150    0.6900     0.000    99.526

    5    3=Projtl S.O.   0=Woods-Saxon 20    5.9000    1.0120    0.6300    0.0000    0.0000    0.0000     0.000    99.526


 ************************************************************************************************************************************

 The following    real SINGLE-PARTICLE FORM FACTORS are  constructed:


 No.   P1 P2 IN KIND T N  L  S1 IA J/S  IB BIND XFER  BE    SC PC FIL AFRAC Adjust  to  Z  Mass   K     Norm    rms      D0     D   ANC/Gsp

    1:  2  1  1  0     1  0 0.5  1 0.5   0   4   0   2.2200  1  0  0 0.0000 VR  3.4632; 0. 1.014 0.2313 1.0000  4.088 -132.2 -137.1  0.9315

    4:  1  2  2  0     2  1 0.5  1 1.5   0   3   0   5.1460  1  0  0 0.0000 VR  1.0275; 0. 1.010 0.4935 1.0000  5.019  263.4  918.8 -8.0745

 ************************************************************************************************************************************

 ONE-way COUPLING # 1 for partitions -2 <-  1 of KIND  7,   0  0  5 -1 -1 & P1,P2 =    0.0000   0.0000 : for J <=    30.5 & R <  19.7 fm.


 data =  1  1  1  1  1.0000,  so  < [d        #  1] / [p        #  1]  * Eigen-form #  1>  =   1.0000            BE =  2.220     1

 data =  2  1  1  4  1.0000,  so  < [Ca49     #  1] / [Ca48     #  1]  * Eigen-form #  4>  =   1.0000            BE =  5.146     4
 KNT =   4, KNP =   1: NK,NG,loc=   1   1   1      21  T  T  F
 KNT =   4, KNP =   1: NK,NG,loc=   1   1   1      21

     So FINITE-RANGE TRANSFER : IP1 = 0 (POST    ), IP2= 0 =NONE        ,  for   1 pairs of bound states summed into   1 pairs
      The main coupling potential is that binding the transferred particle to the p        core.

   A real*8 is            8  bytes
   NLL,NLN,NLO =          99         101          41
0File  11 needs RL =    4059    REAL*8 numbers, and NR =    42. i.e.    1.36 Megabytes
   File           11  RECL =       32800
0RECOMMENDED NON-LOCAL WIDTH IS GREATER THAN    3.40 FM.,  RECOMMENDED CENTRATION  -0.40, after    0.02 secs.
0Relative non-local usages (rms) are
    0.041   0.050   0.061   0.073   0.087   0.102   0.118   0.140   0.167   0.220   0.312   0.551   1.006   2.222   4.361
    9.803  18.122  36.595  56.388  79.499  73.401  76.356  87.833  95.448 100.000  91.260  79.199  58.952  49.604  52.220
   38.835  22.320  10.982   4.903   2.051   0.823   0.324   0.132   0.060   0.035   0.025
0Binding Energies: (d        # 1 / p        # 1)(BE =  2.220)-(Ca49     # 1 / Ca48     # 1)(BE =  5.146)- DISCREPANCY =  0.0040

 Incoming partition  1 in excitation state # 1,   Laboratory Energy given for partition  1 Nucleus 1 in Excitation pair 1

0Lab. ENERGY ranges :

   from    10.0000     to   0.00000     in        0 intervals
   from    0.00000     to   0.00000     in        0 intervals
   from    0.00000     to   0.00000     in        0 intervals

 Largest real,imaginary parts of any form factor at R=   19.00 are   7.58E-02  1.16E-06 MeV
 Finished all Couplings @    3.02830003E-02

 Non-symmetric Hamiltonian
1***********************************************************************************************************************************
************************************************************************************************************************************

        INCOMING d        ;    LABORATORY d        ENERGY =   10.000     MeV.

 ***********************************************************************************************************************************
 ***********************************************************************************************************************************

 Allocate arrays for            2  channels, of which            1  need wfs.

 Total SPIN, PARITY =     0.0 -,      2 chs,      0 cc.  Rmin & Coul turning =    0.0    3.0


    C Projectl Target   #   EX.   (L  Proj) J  + Targ = Jtotal     E-cm      Re K     Re Eta     RM*K            CH                     G-REL
    1 d        Ca48     #    1: I   1 1.0    0.0  0.0     0.0     9.59691   0.94206   1.41351   18.8412  -0.22178   0.47205 1 1 1   1  1.00000
    2 p        Ca49     #    1:     2 0.5    1.5  1.5     0.0    12.51891   0.76615   0.88125   15.3229   0.37152  -0.36272 2 1 2   1  1.00000
 Allocate arrays for            5  channels, of which            2  need wfs.
 Allocate arrays for            6  channels, of which            2  need wfs.
 Reaction Xsec    27.0+/26 @ 1 =     0.000#, Out:   0.000#   0.000#   0.000f
 Reaction Xsec    27.0+/28 @ 2 =     0.000#, Out:   0.000#   0.000#   0.000f
 Reaction Xsec    27.0-/27 @ 1 =     0.000#, Out:   0.000#   0.000#   0.000f
 Reaction Xsec    28.0+/28 @ 1 =     0.000#, Out:   0.000#   0.000#   0.000f
 Reaction Xsec    28.0-/27 @ 1 =     0.000#, Out:   0.000#   0.000#   0.000f
 Reaction Xsec    28.0-/29 @ 2 =     0.000#, Out:   0.000#   0.000#   0.000f
 Reaction Xsec    29.0+/28 @ 1 =     0.000#, Out:   0.000#   0.000#   0.000f
 Reaction Xsec    29.0+/30 @ 2 =     0.000#, Out:   0.000#   0.000#   0.000f
 Reaction Xsec    29.0-/29 @ 1 =     0.000#, Out:   0.000#   0.000#  -0.000f
 Reaction Xsec    30.0+/30 @ 1 =     0.000#, Out:   0.000#   0.000#  -0.000f
 Reaction Xsec    30.0-/29 @ 1 =     0.000#, Out:   0.000#   0.000#   0.000f
 Reaction Xsec    30.0-/31 @ 2 =     0.000#, Out:   0.000#   0.000#  -0.000f
 Finished all CC sets @    9.89420041E-02
0CUMULATIVE REACTION cross section               =       2262.81908  <L> =     5.31  <L**2> =     33.5
0CUMULATIVE  ELASTIC cross section               =          0.00000
0CUMULATIVE outgoing cross sections in partition 1 :    0.00000
0CUMULATIVE outgoing cross sections in partition 2 :   18.83604
0Cumulative ABSORBTION by Imaginary Potentials    =      2243.98305  <L> =     5.31  <L**2> =     33.4
   Fusion for specific d        M-states :    2243.961400    2244.026344    2243.961400
0CUMULATIVE OUTGOING cross section               =         18.83604
 Strength functions * 10^4 for L=0-2  =   0.76120   0.78763   7.68236 (with r0= 1.35 fm).  R' =   0.132 fm
 To convert to S-factors (MeV.mb = keV.b),  multiply by  6.9066E+04


 CROSS SECTIONS FOR OUTGOING d        & Ca48     in state #   1 with spins & parities 1.0  + &  0.0  +;  0

     0.01 deg.: X-S =   9.704911E+16 mb/sr,
+                                         /R =   9.999997E-01
     1.00 deg.: X-S =   9.676537E+08 mb/sr,
+                                         /R =   9.970255E-01
     2.00 deg.: X-S =   6.088851E+07 mb/sr,
+                                         /R =   1.003634E+00
     3.00 deg.: X-S =   1.229991E+07 mb/sr,
+                                         /R =   1.026117E+00
     4.00 deg.: X-S =   3.930527E+06 mb/sr,
+                                         /R =   1.035968E+00
     5.00 deg.: X-S =   1.586530E+06 mb/sr,
+                                         /R =   1.020435E+00
     6.00 deg.: X-S =   7.370871E+05 mb/sr,
+                                         /R =   9.825130E-01
     7.00 deg.: X-S =   3.776997E+05 mb/sr,
+                                         /R =   9.321088E-01
     8.00 deg.: X-S =   2.091449E+05 mb/sr,
+                                         /R =   8.798411E-01
     9.00 deg.: X-S =   1.238629E+05 mb/sr,
+                                         /R =   8.339371E-01
    10.00 deg.: X-S =   7.795458E+04 mb/sr,
+                                         /R =   7.991799E-01
    11.00 deg.: X-S =   5.182239E+04 mb/sr,
+                                         /R =   7.770120E-01
    12.00 deg.: X-S =   3.612342E+04 mb/sr,
+                                         /R =   7.662067E-01
    13.00 deg.: X-S =   2.617548E+04 mb/sr,
+                                         /R =   7.637453E-01
    14.00 deg.: X-S =   1.953707E+04 mb/sr,
+                                         /R =   7.656958E-01
    15.00 deg.: X-S =   1.489155E+04 mb/sr,
+                                         /R =   7.679792E-01
    16.00 deg.: X-S =   1.150635E+04 mb/sr,
+                                         /R =   7.669687E-01
    17.00 deg.: X-S =    8960.507521 mb/sr,
+                                         /R =   7.599059E-01
    18.00 deg.: X-S =    7003.046031 mb/sr,
+                                         /R =   7.451361E-01
    19.00 deg.: X-S =    5477.612064 mb/sr,
+                                         /R =   7.221827E-01
    20.00 deg.: X-S =    4281.627720 mb/sr,
+                                         /R =   6.916855E-01
    21.00 deg.: X-S =    3343.842957 mb/sr,
+                                         /R =   6.552347E-01
    22.00 deg.: X-S =    2611.877377 mb/sr,
+                                         /R =   6.151302E-01
    23.00 deg.: X-S =    2045.252928 mb/sr,
+                                         /R =   5.740994E-01
    24.00 deg.: X-S =    1611.468008 mb/sr,
+                                         /R =   5.350030E-01
    25.00 deg.: X-S =    1283.759711 mb/sr,
+                                         /R =   5.005525E-01
    26.00 deg.: X-S =    1039.799187 mb/sr,
+                                         /R =   4.730646E-01
    27.00 deg.: X-S =     860.896673 mb/sr,
+                                         /R =   4.542667E-01
    28.00 deg.: X-S =     731.479001 mb/sr,
+                                         /R =   4.451654E-01
    29.00 deg.: X-S =     638.707952 mb/sr,
+                                         /R =   4.459845E-01
    30.00 deg.: X-S =     572.168087 mb/sr,
+                                         /R =   4.561707E-01
    31.00 deg.: X-S =     523.587100 mb/sr,
+                                         /R =   4.744638E-01
    32.00 deg.: X-S =     486.571295 mb/sr,
+                                         /R =   4.990197E-01
    33.00 deg.: X-S =     456.349766 mb/sr,
+                                         /R =   5.275746E-01
    34.00 deg.: X-S =     429.526688 mb/sr,
+                                         /R =   5.576355E-01
    35.00 deg.: X-S =     403.844084 mb/sr,
+                                         /R =   5.866780E-01
    36.00 deg.: X-S =     377.958536 mb/sr,
+                                         /R =   6.123398E-01
    37.00 deg.: X-S =     351.235427 mb/sr,
+                                         /R =   6.325909E-01
    38.00 deg.: X-S =     323.563818 mb/sr,
+                                         /R =   6.458720E-01
    39.00 deg.: X-S =     295.194231 mb/sr,
+                                         /R =   6.511900E-01
    40.00 deg.: X-S =     266.600702 mb/sr,
+                                         /R =   6.481670E-01
    41.00 deg.: X-S =     238.367461 mb/sr,
+                                         /R =   6.370405E-01
    42.00 deg.: X-S =     211.099708 mb/sr,
+                                         /R =   6.186188E-01
    43.00 deg.: X-S =     185.357160 mb/sr,
+                                         /R =   5.941963E-01
    44.00 deg.: X-S =     161.608377 mb/sr,
+                                         /R =   5.654372E-01
    45.00 deg.: X-S =     140.203383 mb/sr,
+                                         /R =   5.342395E-01
    46.00 deg.: X-S =     121.361804 mb/sr,
+                                         /R =   5.025889E-01
    47.00 deg.: X-S =     105.173545 mb/sr,
+                                         /R =   4.724155E-01
    48.00 deg.: X-S =      91.609061 mb/sr,
+                                         /R =   4.454618E-01
    49.00 deg.: X-S =      80.536375 mb/sr,
+                                         /R =   4.231738E-01
    50.00 deg.: X-S =      71.742256 mb/sr,
+                                         /R =   4.066183E-01
    51.00 deg.: X-S =      64.955258 mb/sr,
+                                         /R =   3.964337E-01
    52.00 deg.: X-S =      59.868716 mb/sr,
+                                         /R =   3.928137E-01
    53.00 deg.: X-S =      56.162183 mb/sr,
+                                         /R =   3.955238E-01
    54.00 deg.: X-S =      53.520194 mb/sr,
+                                         /R =   4.039463E-01
    55.00 deg.: X-S =      51.647642 mb/sr,
+                                         /R =   4.171495E-01
    56.00 deg.: X-S =      50.281387 mb/sr,
+                                         /R =   4.339736E-01
    57.00 deg.: X-S =      49.198041 mb/sr,
+                                         /R =   4.531253E-01
    58.00 deg.: X-S =      48.218120 mb/sr,
+                                         /R =   4.732755E-01
    59.00 deg.: X-S =      47.206931 mb/sr,
+                                         /R =   4.931510E-01
    60.00 deg.: X-S =      46.072733 mb/sr,
+                                         /R =   5.116145E-01
    61.00 deg.: X-S =      44.762742 mb/sr,
+                                         /R =   5.277291E-01
    62.00 deg.: X-S =      43.257613 mb/sr,
+                                         /R =   5.408026E-01
    63.00 deg.: X-S =      41.565004 mb/sr,
+                                         /R =   5.504110E-01
    64.00 deg.: X-S =      39.712767 mb/sr,
+                                         /R =   5.564009E-01
    65.00 deg.: X-S =      37.742256 mb/sr,
+                                         /R =   5.588726E-01
    66.00 deg.: X-S =      35.702135 mb/sr,
+                                         /R =   5.581464E-01
    67.00 deg.: X-S =      33.642967 mb/sr,
+                                         /R =   5.547166E-01
    68.00 deg.: X-S =      31.612786 mb/sr,
+                                         /R =   5.491971E-01
    69.00 deg.: X-S =      29.653742 mb/sr,
+                                         /R =   5.422636E-01
    70.00 deg.: X-S =      27.799826 mb/sr,
+                                         /R =   5.345965E-01
    71.00 deg.: X-S =      26.075624 mb/sr,
+                                         /R =   5.268291E-01
    72.00 deg.: X-S =      24.495987 mb/sr,
+                                         /R =   5.195036E-01
    73.00 deg.: X-S =      23.066469 mb/sr,
+                                         /R =   5.130390E-01
    74.00 deg.: X-S =      21.784365 mb/sr,
+                                         /R =   5.077102E-01
    75.00 deg.: X-S =      20.640159 mb/sr,
+                                         /R =   5.036402E-01
    76.00 deg.: X-S =      19.619228 mb/sr,
+                                         /R =   5.008050E-01
    77.00 deg.: X-S =      18.703626 mb/sr,
+                                         /R =   4.990487E-01
    78.00 deg.: X-S =      17.873823 mb/sr,
+                                         /R =   4.981080E-01
    79.00 deg.: X-S =      17.110278 mb/sr,
+                                         /R =   4.976431E-01
    80.00 deg.: X-S =      16.394775 mb/sr,
+                                         /R =   4.972723E-01
    81.00 deg.: X-S =      15.711468 mb/sr,
+                                         /R =   4.966075E-01
    82.00 deg.: X-S =      15.047603 mb/sr,
+                                         /R =   4.952880E-01
    83.00 deg.: X-S =      14.393924 mb/sr,
+                                         /R =   4.930107E-01
    84.00 deg.: X-S =      13.744788 mb/sr,
+                                         /R =   4.895539E-01
    85.00 deg.: X-S =      13.098007 mb/sr,
+                                         /R =   4.847943E-01
    86.00 deg.: X-S =      12.454489 mb/sr,
+                                         /R =   4.787162E-01
    87.00 deg.: X-S =      11.817708 mb/sr,
+                                         /R =   4.714123E-01
    88.00 deg.: X-S =      11.193077 mb/sr,
+                                         /R =   4.630773E-01
    89.00 deg.: X-S =      10.587269 mb/sr,
+                                         /R =   4.539939E-01
    90.00 deg.: X-S =      10.007531 mb/sr,
+                                         /R =   4.445144E-01
    91.00 deg.: X-S =       9.461046 mb/sr,
+                                         /R =   4.350370E-01
    92.00 deg.: X-S =       8.954369 mb/sr,
+                                         /R =   4.259810E-01
    93.00 deg.: X-S =       8.492961 mb/sr,
+                                         /R =   4.177600E-01
    94.00 deg.: X-S =       8.080841 mb/sr,
+                                         /R =   4.107573E-01
    95.00 deg.: X-S =       7.720360 mb/sr,
+                                         /R =   4.053031E-01
    96.00 deg.: X-S =       7.412096 mb/sr,
+                                         /R =   4.016555E-01
    97.00 deg.: X-S =       7.154863 mb/sr,
+                                         /R =   3.999860E-01
    98.00 deg.: X-S =       6.945825 mb/sr,
+                                         /R =   4.003706E-01
    99.00 deg.: X-S =       6.780681 mb/sr,
+                                         /R =   4.027859E-01
   100.00 deg.: X-S =       6.653929 mb/sr,
+                                         /R =   4.071110E-01
   101.00 deg.: X-S =       6.559161 mb/sr,
+                                         /R =   4.131344E-01
   102.00 deg.: X-S =       6.489392 mb/sr,
+                                         /R =   4.205651E-01
   103.00 deg.: X-S =       6.437378 mb/sr,
+                                         /R =   4.290475E-01
   104.00 deg.: X-S =       6.395938 mb/sr,
+                                         /R =   4.381791E-01
   105.00 deg.: X-S =       6.358236 mb/sr,
+                                         /R =   4.475299E-01
   106.00 deg.: X-S =       6.318028 mb/sr,
+                                         /R =   4.566620E-01
   107.00 deg.: X-S =       6.269870 mb/sr,
+                                         /R =   4.651492E-01
   108.00 deg.: X-S =       6.209263 mb/sr,
+                                         /R =   4.725954E-01
   109.00 deg.: X-S =       6.132754 mb/sr,
+                                         /R =   4.786505E-01
   110.00 deg.: X-S =       6.037980 mb/sr,
+                                         /R =   4.830239E-01
   111.00 deg.: X-S =       5.923667 mb/sr,
+                                         /R =   4.854946E-01
   112.00 deg.: X-S =       5.789587 mb/sr,
+                                         /R =   4.859184E-01
   113.00 deg.: X-S =       5.636468 mb/sr,
+                                         /R =   4.842307E-01
   114.00 deg.: X-S =       5.465887 mb/sr,
+                                         /R =   4.804466E-01
   115.00 deg.: X-S =       5.280130 mb/sr,
+                                         /R =   4.746574E-01
   116.00 deg.: X-S =       5.082047 mb/sr,
+                                         /R =   4.670243E-01
   117.00 deg.: X-S =       4.874891 mb/sr,
+                                         /R =   4.577696E-01
   118.00 deg.: X-S =       4.662165 mb/sr,
+                                         /R =   4.471661E-01
   119.00 deg.: X-S =       4.447468 mb/sr,
+                                         /R =   4.355251E-01
   120.00 deg.: X-S =       4.234356 mb/sr,
+                                         /R =   4.231836E-01
   121.00 deg.: X-S =       4.026221 mb/sr,
+                                         /R =   4.104909E-01
   122.00 deg.: X-S =       3.826179 mb/sr,
+                                         /R =   3.977967E-01
   123.00 deg.: X-S =       3.636986 mb/sr,
+                                         /R =   3.854380E-01
   124.00 deg.: X-S =       3.460975 mb/sr,
+                                         /R =   3.737292E-01
   125.00 deg.: X-S =       3.300008 mb/sr,
+                                         /R =   3.629523E-01
   126.00 deg.: X-S =       3.155451 mb/sr,
+                                         /R =   3.533490E-01
   127.00 deg.: X-S =       3.028174 mb/sr,
+                                         /R =   3.451155E-01
   128.00 deg.: X-S =       2.918558 mb/sr,
+                                         /R =   3.383981E-01
   129.00 deg.: X-S =       2.826523 mb/sr,
+                                         /R =   3.332916E-01
   130.00 deg.: X-S =       2.751566 mb/sr,
+                                         /R =   3.298387E-01
   131.00 deg.: X-S =       2.692813 mb/sr,
+                                         /R =   3.280323E-01
   132.00 deg.: X-S =       2.649069 mb/sr,
+                                         /R =   3.278180E-01
   133.00 deg.: X-S =       2.618883 mb/sr,
+                                         /R =   3.290987E-01
   134.00 deg.: X-S =       2.600606 mb/sr,
+                                         /R =   3.317400E-01
   135.00 deg.: X-S =       2.592457 mb/sr,
+                                         /R =   3.355766E-01
   136.00 deg.: X-S =       2.592576 mb/sr,
+                                         /R =   3.404191E-01
   137.00 deg.: X-S =       2.599090 mb/sr,
+                                         /R =   3.460603E-01
   138.00 deg.: X-S =       2.610155 mb/sr,
+                                         /R =   3.522833E-01
   139.00 deg.: X-S =       2.624004 mb/sr,
+                                         /R =   3.588673E-01
   140.00 deg.: X-S =       2.638989 mb/sr,
+                                         /R =   3.655946E-01
   141.00 deg.: X-S =       2.653607 mb/sr,
+                                         /R =   3.722559E-01
   142.00 deg.: X-S =       2.666525 mb/sr,
+                                         /R =   3.786559E-01
   143.00 deg.: X-S =       2.676598 mb/sr,
+                                         /R =   3.846170E-01
   144.00 deg.: X-S =       2.682880 mb/sr,
+                                         /R =   3.899828E-01
   145.00 deg.: X-S =       2.684621 mb/sr,
+                                         /R =   3.946207E-01
   146.00 deg.: X-S =       2.681272 mb/sr,
+                                         /R =   3.984235E-01
   147.00 deg.: X-S =       2.672470 mb/sr,
+                                         /R =   4.013095E-01
   148.00 deg.: X-S =       2.658032 mb/sr,
+                                         /R =   4.032232E-01
   149.00 deg.: X-S =       2.637936 mb/sr,
+                                         /R =   4.041337E-01
   150.00 deg.: X-S =       2.612304 mb/sr,
+                                         /R =   4.040338E-01
   151.00 deg.: X-S =       2.581382 mb/sr,
+                                         /R =   4.029374E-01
   152.00 deg.: X-S =       2.545521 mb/sr,
+                                         /R =   4.008778E-01
   153.00 deg.: X-S =       2.505153 mb/sr,
+                                         /R =   3.979049E-01
   154.00 deg.: X-S =       2.460775 mb/sr,
+                                         /R =   3.940819E-01
   155.00 deg.: X-S =       2.412926 mb/sr,
+                                         /R =   3.894833E-01
   156.00 deg.: X-S =       2.362172 mb/sr,
+                                         /R =   3.841917E-01
   157.00 deg.: X-S =       2.309093 mb/sr,
+                                         /R =   3.782954E-01
   158.00 deg.: X-S =       2.254263 mb/sr,
+                                         /R =   3.718859E-01
   159.00 deg.: X-S =       2.198245 mb/sr,
+                                         /R =   3.650560E-01
   160.00 deg.: X-S =       2.141581 mb/sr,
+                                         /R =   3.578980E-01
   161.00 deg.: X-S =       2.084785 mb/sr,
+                                         /R =   3.505024E-01
   162.00 deg.: X-S =       2.028339 mb/sr,
+                                         /R =   3.429565E-01
   163.00 deg.: X-S =       1.972688 mb/sr,
+                                         /R =   3.353438E-01
   164.00 deg.: X-S =       1.918245 mb/sr,
+                                         /R =   3.277434E-01
   165.00 deg.: X-S =       1.865386 mb/sr,
+                                         /R =   3.202299E-01
   166.00 deg.: X-S =       1.814455 mb/sr,
+                                         /R =   3.128729E-01
   167.00 deg.: X-S =       1.765763 mb/sr,
+                                         /R =   3.057373E-01
   168.00 deg.: X-S =       1.719592 mb/sr,
+                                         /R =   2.988833E-01
   169.00 deg.: X-S =       1.676198 mb/sr,
+                                         /R =   2.923668E-01
   170.00 deg.: X-S =       1.635811 mb/sr,
+                                         /R =   2.862391E-01
   171.00 deg.: X-S =       1.598640 mb/sr,
+                                         /R =   2.805473E-01
   172.00 deg.: X-S =       1.564872 mb/sr,
+                                         /R =   2.753347E-01
   173.00 deg.: X-S =       1.534676 mb/sr,
+                                         /R =   2.706401E-01
   174.00 deg.: X-S =       1.508198 mb/sr,
+                                         /R =   2.664986E-01
   175.00 deg.: X-S =       1.485570 mb/sr,
+                                         /R =   2.629407E-01
   176.00 deg.: X-S =       1.466902 mb/sr,
+                                         /R =   2.599929E-01
   177.00 deg.: X-S =       1.452286 mb/sr,
+                                         /R =   2.576770E-01
   178.00 deg.: X-S =       1.441794 mb/sr,
+                                         /R =   2.560103E-01
   179.00 deg.: X-S =       1.435478 mb/sr,
+                                         /R =   2.550053E-01
   179.99 deg.: X-S =       1.433369 mb/sr,
+                                         /R =   2.546695E-01
                                           Integrated  1.8575E+12 mb, over [   0.000, 180.000] at    10.0000 MeV 

 CROSS SECTIONS FOR OUTGOING p        & Ca49     in state #   1 with spins & parities 0.5  + &  1.5  -;  0

     0.00 deg.: X-S =       6.990531 mb/sr,
+                                         REAC   1.8836E+01 mb
     1.00 deg.: X-S =       7.198656 mb/sr,
     2.00 deg.: X-S =       7.807921 mb/sr,
     3.00 deg.: X-S =       8.774220 mb/sr,
     4.00 deg.: X-S =      10.027975 mb/sr,
     5.00 deg.: X-S =      11.479660 mb/sr,
     6.00 deg.: X-S =      13.026810 mb/sr,
     7.00 deg.: X-S =      14.561885 mb/sr,
     8.00 deg.: X-S =      15.980292 mb/sr,
     9.00 deg.: X-S =      17.187897 mb/sr,
    10.00 deg.: X-S =      18.107402 mb/sr,
    11.00 deg.: X-S =      18.683115 mb/sr,
    12.00 deg.: X-S =      18.883810 mb/sr,
    13.00 deg.: X-S =      18.703545 mb/sr,
    14.00 deg.: X-S =      18.160509 mb/sr,
    15.00 deg.: X-S =      17.294148 mb/sr,
    16.00 deg.: X-S =      16.160910 mb/sr,
    17.00 deg.: X-S =      14.829092 mb/sr,
    18.00 deg.: X-S =      13.373263 mb/sr,
    19.00 deg.: X-S =      11.868750 mb/sr,
    20.00 deg.: X-S =      10.386612 mb/sr,
    21.00 deg.: X-S =       8.989433 mb/sr,
    22.00 deg.: X-S =       7.728172 mb/sr,
    23.00 deg.: X-S =       6.640181 mb/sr,
    24.00 deg.: X-S =       5.748406 mb/sr,
    25.00 deg.: X-S =       5.061659 mb/sr,
    26.00 deg.: X-S =       4.575831 mb/sr,
    27.00 deg.: X-S =       4.275803 mb/sr,
    28.00 deg.: X-S =       4.137831 mb/sr,
    29.00 deg.: X-S =       4.132176 mb/sr,
    30.00 deg.: X-S =       4.225741 mb/sr,
    31.00 deg.: X-S =       4.384554 mb/sr,
    32.00 deg.: X-S =       4.575933 mb/sr,
    33.00 deg.: X-S =       4.770254 mb/sr,
    34.00 deg.: X-S =       4.942263 mb/sr,
    35.00 deg.: X-S =       5.071922 mb/sr,
    36.00 deg.: X-S =       5.144810 mb/sr,
    37.00 deg.: X-S =       5.152133 mb/sr,
    38.00 deg.: X-S =       5.090400 mb/sr,
    39.00 deg.: X-S =       4.960845 mb/sr,
    40.00 deg.: X-S =       4.768670 mb/sr,
    41.00 deg.: X-S =       4.522186 mb/sr,
    42.00 deg.: X-S =       4.231907 mb/sr,
    43.00 deg.: X-S =       3.909671 mb/sr,
    44.00 deg.: X-S =       3.567819 mb/sr,
    45.00 deg.: X-S =       3.218477 mb/sr,
    46.00 deg.: X-S =       2.872953 mb/sr,
    47.00 deg.: X-S =       2.541270 mb/sr,
    48.00 deg.: X-S =       2.231835 mb/sr,
    49.00 deg.: X-S =       1.951236 mb/sr,
    50.00 deg.: X-S =       1.704161 mb/sr,
    51.00 deg.: X-S =       1.493426 mb/sr,
    52.00 deg.: X-S =       1.320085 mb/sr,
    53.00 deg.: X-S =       1.183611 mb/sr,
    54.00 deg.: X-S =       1.082130 mb/sr,
    55.00 deg.: X-S =       1.012678 mb/sr,
    56.00 deg.: X-S =       0.971477 mb/sr,
    57.00 deg.: X-S =       0.954208 mb/sr,
    58.00 deg.: X-S =       0.956268 mb/sr,
    59.00 deg.: X-S =       0.973003 mb/sr,
    60.00 deg.: X-S =       0.999906 mb/sr,
    61.00 deg.: X-S =       1.032788 mb/sr,
    62.00 deg.: X-S =       1.067898 mb/sr,
    63.00 deg.: X-S =       1.102011 mb/sr,
    64.00 deg.: X-S =       1.132480 mb/sr,
    65.00 deg.: X-S =       1.157251 mb/sr,
    66.00 deg.: X-S =       1.174854 mb/sr,
    67.00 deg.: X-S =       1.184363 mb/sr,
    68.00 deg.: X-S =       1.185341 mb/sr,
    69.00 deg.: X-S =       1.177779 mb/sr,
    70.00 deg.: X-S =       1.162018 mb/sr,
    71.00 deg.: X-S =       1.138671 mb/sr,
    72.00 deg.: X-S =       1.108551 mb/sr,
    73.00 deg.: X-S =       1.072601 mb/sr,
    74.00 deg.: X-S =       1.031831 mb/sr,
    75.00 deg.: X-S =       0.987264 mb/sr,
    76.00 deg.: X-S =       0.939896 mb/sr,
    77.00 deg.: X-S =       0.890660 mb/sr,
    78.00 deg.: X-S =       0.840410 mb/sr,
    79.00 deg.: X-S =       0.789897 mb/sr,
    80.00 deg.: X-S =       0.739776 mb/sr,
    81.00 deg.: X-S =       0.690597 mb/sr,
    82.00 deg.: X-S =       0.642813 mb/sr,
    83.00 deg.: X-S =       0.596790 mb/sr,
    84.00 deg.: X-S =       0.552818 mb/sr,
    85.00 deg.: X-S =       0.511120 mb/sr,
    86.00 deg.: X-S =       0.471865 mb/sr,
    87.00 deg.: X-S =       0.435177 mb/sr,
    88.00 deg.: X-S =       0.401145 mb/sr,
    89.00 deg.: X-S =       0.369829 mb/sr,
    90.00 deg.: X-S =       0.341266 mb/sr,
    91.00 deg.: X-S =       0.315473 mb/sr,
    92.00 deg.: X-S =       0.292447 mb/sr,
    93.00 deg.: X-S =       0.272172 mb/sr,
    94.00 deg.: X-S =       0.254610 mb/sr,
    95.00 deg.: X-S =       0.239706 mb/sr,
    96.00 deg.: X-S =       0.227387 mb/sr,
    97.00 deg.: X-S =       0.217556 mb/sr,
    98.00 deg.: X-S =       0.210097 mb/sr,
    99.00 deg.: X-S =       0.204871 mb/sr,
   100.00 deg.: X-S =       0.201715 mb/sr,
   101.00 deg.: X-S =       0.200449 mb/sr,
   102.00 deg.: X-S =       0.200871 mb/sr,
   103.00 deg.: X-S =       0.202762 mb/sr,
   104.00 deg.: X-S =       0.205891 mb/sr,
   105.00 deg.: X-S =       0.210014 mb/sr,
   106.00 deg.: X-S =       0.214885 mb/sr,
   107.00 deg.: X-S =       0.220251 mb/sr,
   108.00 deg.: X-S =       0.225867 mb/sr,
   109.00 deg.: X-S =       0.231490 mb/sr,
   110.00 deg.: X-S =       0.236892 mb/sr,
   111.00 deg.: X-S =       0.241859 mb/sr,
   112.00 deg.: X-S =       0.246199 mb/sr,
   113.00 deg.: X-S =       0.249739 mb/sr,
   114.00 deg.: X-S =       0.252334 mb/sr,
   115.00 deg.: X-S =       0.253865 mb/sr,
   116.00 deg.: X-S =       0.254242 mb/sr,
   117.00 deg.: X-S =       0.253406 mb/sr,
   118.00 deg.: X-S =       0.251325 mb/sr,
   119.00 deg.: X-S =       0.247998 mb/sr,
   120.00 deg.: X-S =       0.243449 mb/sr,
   121.00 deg.: X-S =       0.237731 mb/sr,
   122.00 deg.: X-S =       0.230918 mb/sr,
   123.00 deg.: X-S =       0.223105 mb/sr,
   124.00 deg.: X-S =       0.214405 mb/sr,
   125.00 deg.: X-S =       0.204947 mb/sr,
   126.00 deg.: X-S =       0.194869 mb/sr,
   127.00 deg.: X-S =       0.184319 mb/sr,
   128.00 deg.: X-S =       0.173447 mb/sr,
   129.00 deg.: X-S =       0.162405 mb/sr,
   130.00 deg.: X-S =       0.151345 mb/sr,
   131.00 deg.: X-S =       0.140412 mb/sr,
   132.00 deg.: X-S =       0.129745 mb/sr,
   133.00 deg.: X-S =       0.119474 mb/sr,
   134.00 deg.: X-S =       0.109717 mb/sr,
   135.00 deg.: X-S =       0.100580 mb/sr,
   136.00 deg.: X-S =       0.092155 mb/sr,
   137.00 deg.: X-S =       0.084521 mb/sr,
   138.00 deg.: X-S =       0.077742 mb/sr,
   139.00 deg.: X-S =       0.071868 mb/sr,
   140.00 deg.: X-S =       0.066932 mb/sr,
   141.00 deg.: X-S =       0.062957 mb/sr,
   142.00 deg.: X-S =       0.059951 mb/sr,
   143.00 deg.: X-S =       0.057911 mb/sr,
   144.00 deg.: X-S =       0.056824 mb/sr,
   145.00 deg.: X-S =       0.056664 mb/sr,
   146.00 deg.: X-S =       0.057400 mb/sr,
   147.00 deg.: X-S =       0.058992 mb/sr,
   148.00 deg.: X-S =       0.061396 mb/sr,
   149.00 deg.: X-S =       0.064560 mb/sr,
   150.00 deg.: X-S =       0.068432 mb/sr,
   151.00 deg.: X-S =       0.072953 mb/sr,
   152.00 deg.: X-S =       0.078066 mb/sr,
   153.00 deg.: X-S =       0.083711 mb/sr,
   154.00 deg.: X-S =       0.089827 mb/sr,
   155.00 deg.: X-S =       0.096354 mb/sr,
   156.00 deg.: X-S =       0.103232 mb/sr,
   157.00 deg.: X-S =       0.110401 mb/sr,
   158.00 deg.: X-S =       0.117803 mb/sr,
   159.00 deg.: X-S =       0.125381 mb/sr,
   160.00 deg.: X-S =       0.133077 mb/sr,
   161.00 deg.: X-S =       0.140836 mb/sr,
   162.00 deg.: X-S =       0.148603 mb/sr,
   163.00 deg.: X-S =       0.156325 mb/sr,
   164.00 deg.: X-S =       0.163949 mb/sr,
   165.00 deg.: X-S =       0.171424 mb/sr,
   166.00 deg.: X-S =       0.178699 mb/sr,
   167.00 deg.: X-S =       0.185725 mb/sr,
   168.00 deg.: X-S =       0.192454 mb/sr,
   169.00 deg.: X-S =       0.198840 mb/sr,
   170.00 deg.: X-S =       0.204839 mb/sr,
   171.00 deg.: X-S =       0.210408 mb/sr,
   172.00 deg.: X-S =       0.215508 mb/sr,
   173.00 deg.: X-S =       0.220102 mb/sr,
   174.00 deg.: X-S =       0.224155 mb/sr,
   175.00 deg.: X-S =       0.227639 mb/sr,
   176.00 deg.: X-S =       0.230526 mb/sr,
   177.00 deg.: X-S =       0.232795 mb/sr,
   178.00 deg.: X-S =       0.234428 mb/sr,
   179.00 deg.: X-S =       0.235413 mb/sr,
   180.00 deg.: X-S =       0.235742 mb/sr,
                                           Integrated  1.8835E+01 mb, over [   0.000, 180.000] at    10.0000 MeV 
 Finished all xsecs @   0.102289006    

  The following files have been created:
   3:local copy of User input.            6:standard output.                   
  12:transfer kernels.                   13:total cross sections/state.        
  16:tables of cross sections.           35:Astrophysics S-factors  / Ecm.     
  39:cross sections for each Ecm.        40:all cross sectns. for each Elab.   
  46:bs wave functions & ANC ratios.     56:Fusion for each Jtotal.            
  75:S-factors for lab energies.        201:Separate cross sections.           
 202:Separate cross sections.           

 PARAMETERS : MAXQRN   MLOC  LMAX1 MCLIST     MFNL  MPWCOUP
    ALLOWED :      4     20     50      7       36        0
    REQUIRED:      1     20     33      4        6        0


 ACCURACY ANALYSIS at    10.000 MeV :

  Elastic h*k = 0.094 so OK       compared with 0.200

   Real(S-el) > 0.01 first at J =       1.0
   Real(S-el) > 0.10 first at J =       1.0
   Real(S-el) > 0.50 first at J =       6.0
   Real(S-el) > 0.90 first at J =       8.0
   Real(S-el) > 0.99 first at J =      10.0
   R-turn =    33.91 fm    at J =      30.0

 Forward-angle excitation cut off below   5.311 deg by max JT =      30.0
                              and below   8.597 deg by max R.


 1: Recommended RNL: non-local width >   3.40 cf:   4.00 fm: OK      
    Recommended CENTRE: centration   ~  -0.40 cf:  -0.40 fm

 Total CPU  0 time =       0.10 seconds
